{"/Users/teimurgasanov/Projects/react-gistlab/src/github-gist/GithubGist.tsx": {"path":"/Users/teimurgasanov/Projects/react-gistlab/src/github-gist/GithubGist.tsx","statementMap":{"0":{"start":{"line":2,"column":16},"end":{"line":14,"column":4}},"1":{"start":{"line":3,"column":24},"end":{"line":8,"column":5}},"2":{"start":{"line":4,"column":8},"end":{"line":6,"column":87}},"3":{"start":{"line":5,"column":69},"end":{"line":5,"column":85}},"4":{"start":{"line":6,"column":30},"end":{"line":6,"column":84}},"5":{"start":{"line":6,"column":47},"end":{"line":6,"column":84}},"6":{"start":{"line":6,"column":72},"end":{"line":6,"column":84}},"7":{"start":{"line":7,"column":8},"end":{"line":7,"column":35}},"8":{"start":{"line":9,"column":4},"end":{"line":13,"column":6}},"9":{"start":{"line":10,"column":8},"end":{"line":10,"column":28}},"10":{"start":{"line":11,"column":24},"end":{"line":11,"column":45}},"11":{"start":{"line":12,"column":8},"end":{"line":12,"column":93}},"12":{"start":{"line":15,"column":0},"end":{"line":15,"column":62}},"13":{"start":{"line":16,"column":12},"end":{"line":16,"column":28}},"14":{"start":{"line":17,"column":20},"end":{"line":17,"column":45}},"15":{"start":{"line":18,"column":17},"end":{"line":18,"column":66}},"16":{"start":{"line":19,"column":0},"end":{"line":27,"column":2}},"17":{"start":{"line":20,"column":16},"end":{"line":20,"column":37}},"18":{"start":{"line":21,"column":4},"end":{"line":23,"column":5}},"19":{"start":{"line":22,"column":8},"end":{"line":22,"column":52}},"20":{"start":{"line":24,"column":12},"end":{"line":24,"column":20}},"21":{"start":{"line":24,"column":33},"end":{"line":24,"column":41}},"22":{"start":{"line":24,"column":52},"end":{"line":24,"column":60}},"23":{"start":{"line":25,"column":19},"end":{"line":25,"column":43}},"24":{"start":{"line":26,"column":4},"end":{"line":26,"column":70}},"25":{"start":{"line":28,"column":0},"end":{"line":34,"column":2}},"26":{"start":{"line":29,"column":21},"end":{"line":29,"column":41}},"27":{"start":{"line":30,"column":4},"end":{"line":32,"column":5}},"28":{"start":{"line":31,"column":8},"end":{"line":31,"column":70}},"29":{"start":{"line":33,"column":4},"end":{"line":33,"column":21}},"30":{"start":{"line":35,"column":0},"end":{"line":38,"column":2}},"31":{"start":{"line":36,"column":17},"end":{"line":36,"column":26}},"32":{"start":{"line":36,"column":39},"end":{"line":36,"column":50}},"33":{"start":{"line":37,"column":4},"end":{"line":37,"column":73}},"34":{"start":{"line":39,"column":18},"end":{"line":108,"column":22}},"35":{"start":{"line":40,"column":4},"end":{"line":40,"column":34}},"36":{"start":{"line":42,"column":20},"end":{"line":42,"column":52}},"37":{"start":{"line":43,"column":8},"end":{"line":60,"column":10}},"38":{"start":{"line":44,"column":23},"end":{"line":44,"column":39}},"39":{"start":{"line":45,"column":12},"end":{"line":59,"column":14}},"40":{"start":{"line":46,"column":16},"end":{"line":49,"column":19}},"41":{"start":{"line":50,"column":40},"end":{"line":51,"column":33}},"42":{"start":{"line":52,"column":16},"end":{"line":58,"column":17}},"43":{"start":{"line":53,"column":37},"end":{"line":53,"column":67}},"44":{"start":{"line":54,"column":20},"end":{"line":54,"column":49}},"45":{"start":{"line":55,"column":20},"end":{"line":55,"column":50}},"46":{"start":{"line":56,"column":20},"end":{"line":56,"column":54}},"47":{"start":{"line":57,"column":20},"end":{"line":57,"column":58}},"48":{"start":{"line":61,"column":8},"end":{"line":72,"column":10}},"49":{"start":{"line":62,"column":25},"end":{"line":62,"column":57}},"50":{"start":{"line":63,"column":23},"end":{"line":63,"column":39}},"51":{"start":{"line":64,"column":30},"end":{"line":66,"column":14}},"52":{"start":{"line":67,"column":22},"end":{"line":67,"column":112}},"53":{"start":{"line":68,"column":12},"end":{"line":68,"column":44}},"54":{"start":{"line":69,"column":12},"end":{"line":69,"column":29}},"55":{"start":{"line":70,"column":12},"end":{"line":70,"column":53}},"56":{"start":{"line":71,"column":12},"end":{"line":71,"column":46}},"57":{"start":{"line":73,"column":8},"end":{"line":77,"column":10}},"58":{"start":{"line":78,"column":8},"end":{"line":78,"column":29}},"59":{"start":{"line":79,"column":8},"end":{"line":79,"column":21}},"60":{"start":{"line":81,"column":4},"end":{"line":83,"column":6}},"61":{"start":{"line":82,"column":8},"end":{"line":82,"column":28}},"62":{"start":{"line":84,"column":4},"end":{"line":96,"column":6}},"63":{"start":{"line":85,"column":17},"end":{"line":85,"column":27}},"64":{"start":{"line":85,"column":36},"end":{"line":85,"column":43}},"65":{"start":{"line":85,"column":52},"end":{"line":85,"column":59}},"66":{"start":{"line":86,"column":8},"end":{"line":91,"column":9}},"67":{"start":{"line":87,"column":29},"end":{"line":87,"column":98}},"68":{"start":{"line":88,"column":12},"end":{"line":90,"column":13}},"69":{"start":{"line":89,"column":16},"end":{"line":89,"column":36}},"70":{"start":{"line":92,"column":21},"end":{"line":92,"column":74}},"71":{"start":{"line":93,"column":8},"end":{"line":95,"column":9}},"72":{"start":{"line":94,"column":12},"end":{"line":94,"column":28}},"73":{"start":{"line":97,"column":4},"end":{"line":106,"column":6}},"74":{"start":{"line":98,"column":17},"end":{"line":98,"column":27}},"75":{"start":{"line":98,"column":41},"end":{"line":98,"column":53}},"76":{"start":{"line":98,"column":62},"end":{"line":98,"column":69}},"77":{"start":{"line":99,"column":22},"end":{"line":99,"column":40}},"78":{"start":{"line":100,"column":8},"end":{"line":102,"column":9}},"79":{"start":{"line":101,"column":12},"end":{"line":101,"column":71}},"80":{"start":{"line":103,"column":8},"end":{"line":105,"column":9}},"81":{"start":{"line":104,"column":12},"end":{"line":104,"column":97}},"82":{"start":{"line":107,"column":4},"end":{"line":107,"column":22}},"83":{"start":{"line":109,"column":0},"end":{"line":109,"column":29}}},"fnMap":{"0":{"name":"(anonymous_0)","decl":{"start":{"line":2,"column":45},"end":{"line":2,"column":46}},"loc":{"start":{"line":2,"column":57},"end":{"line":14,"column":1}},"line":2},"1":{"name":"(anonymous_1)","decl":{"start":{"line":3,"column":24},"end":{"line":3,"column":25}},"loc":{"start":{"line":3,"column":40},"end":{"line":8,"column":5}},"line":3},"2":{"name":"(anonymous_2)","decl":{"start":{"line":5,"column":51},"end":{"line":5,"column":52}},"loc":{"start":{"line":5,"column":67},"end":{"line":5,"column":87}},"line":5},"3":{"name":"(anonymous_3)","decl":{"start":{"line":6,"column":12},"end":{"line":6,"column":13}},"loc":{"start":{"line":6,"column":28},"end":{"line":6,"column":86}},"line":6},"4":{"name":"(anonymous_4)","decl":{"start":{"line":9,"column":11},"end":{"line":9,"column":12}},"loc":{"start":{"line":9,"column":27},"end":{"line":13,"column":5}},"line":9},"5":{"name":"__","decl":{"start":{"line":11,"column":17},"end":{"line":11,"column":19}},"loc":{"start":{"line":11,"column":22},"end":{"line":11,"column":47}},"line":11},"6":{"name":"(anonymous_6)","decl":{"start":{"line":19,"column":18},"end":{"line":19,"column":19}},"loc":{"start":{"line":19,"column":33},"end":{"line":27,"column":1}},"line":19},"7":{"name":"(anonymous_7)","decl":{"start":{"line":28,"column":22},"end":{"line":28,"column":23}},"loc":{"start":{"line":28,"column":37},"end":{"line":34,"column":1}},"line":28},"8":{"name":"(anonymous_8)","decl":{"start":{"line":35,"column":26},"end":{"line":35,"column":27}},"loc":{"start":{"line":35,"column":40},"end":{"line":38,"column":1}},"line":35},"9":{"name":"(anonymous_9)","decl":{"start":{"line":39,"column":18},"end":{"line":39,"column":19}},"loc":{"start":{"line":39,"column":36},"end":{"line":108,"column":1}},"line":39},"10":{"name":"GithubGist","decl":{"start":{"line":41,"column":13},"end":{"line":41,"column":23}},"loc":{"start":{"line":41,"column":31},"end":{"line":80,"column":5}},"line":41},"11":{"name":"(anonymous_11)","decl":{"start":{"line":43,"column":29},"end":{"line":43,"column":30}},"loc":{"start":{"line":43,"column":41},"end":{"line":60,"column":9}},"line":43},"12":{"name":"(anonymous_12)","decl":{"start":{"line":45,"column":52},"end":{"line":45,"column":53}},"loc":{"start":{"line":45,"column":68},"end":{"line":59,"column":13}},"line":45},"13":{"name":"(anonymous_13)","decl":{"start":{"line":61,"column":29},"end":{"line":61,"column":30}},"loc":{"start":{"line":61,"column":41},"end":{"line":72,"column":9}},"line":61},"14":{"name":"(anonymous_14)","decl":{"start":{"line":81,"column":45},"end":{"line":81,"column":46}},"loc":{"start":{"line":81,"column":57},"end":{"line":83,"column":5}},"line":81},"15":{"name":"(anonymous_15)","decl":{"start":{"line":84,"column":48},"end":{"line":84,"column":49}},"loc":{"start":{"line":84,"column":60},"end":{"line":96,"column":5}},"line":84},"16":{"name":"(anonymous_16)","decl":{"start":{"line":97,"column":34},"end":{"line":97,"column":35}},"loc":{"start":{"line":97,"column":46},"end":{"line":106,"column":5}},"line":97}},"branchMap":{"0":{"loc":{"start":{"line":2,"column":16},"end":{"line":14,"column":4}},"type":"binary-expr","locations":[{"start":{"line":2,"column":17},"end":{"line":2,"column":21}},{"start":{"line":2,"column":25},"end":{"line":2,"column":39}},{"start":{"line":2,"column":44},"end":{"line":14,"column":4}}],"line":2},"1":{"loc":{"start":{"line":4,"column":24},"end":{"line":6,"column":86}},"type":"binary-expr","locations":[{"start":{"line":4,"column":24},"end":{"line":4,"column":45}},{"start":{"line":5,"column":13},"end":{"line":5,"column":47}},{"start":{"line":5,"column":51},"end":{"line":5,"column":87}},{"start":{"line":6,"column":12},"end":{"line":6,"column":86}}],"line":4},"2":{"loc":{"start":{"line":6,"column":47},"end":{"line":6,"column":84}},"type":"if","locations":[{"start":{"line":6,"column":47},"end":{"line":6,"column":84}},{"start":{"line":6,"column":47},"end":{"line":6,"column":84}}],"line":6},"3":{"loc":{"start":{"line":12,"column":22},"end":{"line":12,"column":92}},"type":"cond-expr","locations":[{"start":{"line":12,"column":35},"end":{"line":12,"column":51}},{"start":{"line":12,"column":55},"end":{"line":12,"column":91}}],"line":12},"4":{"loc":{"start":{"line":21,"column":4},"end":{"line":23,"column":5}},"type":"if","locations":[{"start":{"line":21,"column":4},"end":{"line":23,"column":5}},{"start":{"line":21,"column":4},"end":{"line":23,"column":5}}],"line":21},"5":{"loc":{"start":{"line":21,"column":8},"end":{"line":21,"column":34}},"type":"binary-expr","locations":[{"start":{"line":21,"column":8},"end":{"line":21,"column":14}},{"start":{"line":21,"column":18},"end":{"line":21,"column":34}}],"line":21},"6":{"loc":{"start":{"line":30,"column":4},"end":{"line":32,"column":5}},"type":"if","locations":[{"start":{"line":30,"column":4},"end":{"line":32,"column":5}},{"start":{"line":30,"column":4},"end":{"line":32,"column":5}}],"line":30},"7":{"loc":{"start":{"line":30,"column":8},"end":{"line":30,"column":56}},"type":"binary-expr","locations":[{"start":{"line":30,"column":8},"end":{"line":30,"column":18}},{"start":{"line":30,"column":22},"end":{"line":30,"column":56}}],"line":30},"8":{"loc":{"start":{"line":37,"column":40},"end":{"line":37,"column":71}},"type":"cond-expr","locations":[{"start":{"line":37,"column":51},"end":{"line":37,"column":66}},{"start":{"line":37,"column":69},"end":{"line":37,"column":71}}],"line":37},"9":{"loc":{"start":{"line":42,"column":20},"end":{"line":42,"column":52}},"type":"binary-expr","locations":[{"start":{"line":42,"column":20},"end":{"line":42,"column":44}},{"start":{"line":42,"column":48},"end":{"line":42,"column":52}}],"line":42},"10":{"loc":{"start":{"line":52,"column":16},"end":{"line":58,"column":17}},"type":"if","locations":[{"start":{"line":52,"column":16},"end":{"line":58,"column":17}},{"start":{"line":52,"column":16},"end":{"line":58,"column":17}}],"line":52},"11":{"loc":{"start":{"line":64,"column":31},"end":{"line":64,"column":77}},"type":"cond-expr","locations":[{"start":{"line":64,"column":47},"end":{"line":64,"column":72}},{"start":{"line":64,"column":75},"end":{"line":64,"column":77}}],"line":64},"12":{"loc":{"start":{"line":86,"column":8},"end":{"line":91,"column":9}},"type":"if","locations":[{"start":{"line":86,"column":8},"end":{"line":91,"column":9}},{"start":{"line":86,"column":8},"end":{"line":91,"column":9}}],"line":86},"13":{"loc":{"start":{"line":88,"column":12},"end":{"line":90,"column":13}},"type":"if","locations":[{"start":{"line":88,"column":12},"end":{"line":90,"column":13}},{"start":{"line":88,"column":12},"end":{"line":90,"column":13}}],"line":88},"14":{"loc":{"start":{"line":93,"column":8},"end":{"line":95,"column":9}},"type":"if","locations":[{"start":{"line":93,"column":8},"end":{"line":95,"column":9}},{"start":{"line":93,"column":8},"end":{"line":95,"column":9}}],"line":93},"15":{"loc":{"start":{"line":100,"column":8},"end":{"line":102,"column":9}},"type":"if","locations":[{"start":{"line":100,"column":8},"end":{"line":102,"column":9}},{"start":{"line":100,"column":8},"end":{"line":102,"column":9}}],"line":100},"16":{"loc":{"start":{"line":101,"column":19},"end":{"line":101,"column":70}},"type":"cond-expr","locations":[{"start":{"line":101,"column":29},"end":{"line":101,"column":63}},{"start":{"line":101,"column":66},"end":{"line":101,"column":70}}],"line":101},"17":{"loc":{"start":{"line":103,"column":8},"end":{"line":105,"column":9}},"type":"if","locations":[{"start":{"line":103,"column":8},"end":{"line":105,"column":9}},{"start":{"line":103,"column":8},"end":{"line":105,"column":9}}],"line":103}},"s":{"0":1,"1":1,"2":1,"3":0,"4":0,"5":0,"6":0,"7":1,"8":1,"9":1,"10":1,"11":1,"12":1,"13":1,"14":1,"15":1,"16":1,"17":7,"18":7,"19":1,"20":6,"21":6,"22":6,"23":6,"24":6,"25":1,"26":7,"27":7,"28":2,"29":5,"30":1,"31":11,"32":11,"33":11,"34":1,"35":1,"36":5,"37":5,"38":5,"39":5,"40":0,"41":0,"42":0,"43":0,"44":0,"45":0,"46":0,"47":0,"48":5,"49":5,"50":5,"51":5,"52":5,"53":5,"54":5,"55":5,"56":5,"57":5,"58":5,"59":5,"60":1,"61":5,"62":1,"63":0,"64":0,"65":0,"66":0,"67":0,"68":0,"69":0,"70":0,"71":0,"72":0,"73":1,"74":6,"75":6,"76":6,"77":6,"78":6,"79":5,"80":1,"81":1,"82":1,"83":1},"f":{"0":1,"1":1,"2":0,"3":0,"4":1,"5":1,"6":7,"7":7,"8":11,"9":1,"10":5,"11":5,"12":0,"13":5,"14":5,"15":0,"16":6},"b":{"0":[1,1,1],"1":[1,0,0,0],"2":[0,0],"3":[0,1],"4":[1,6],"5":[7,6],"6":[2,5],"7":[7,7],"8":[0,11],"9":[5,5],"10":[0,0],"11":[0,5],"12":[0,0],"13":[0,0],"14":[0,0],"15":[5,1],"16":[2,3],"17":[1,0]},"_coverageSchema":"43e27e138ebf9cfc5966b082cf9a028302ed4184","hash":"9997bba34d0330f885f921f6f1d8e770b6949236"}
,"/Users/teimurgasanov/Projects/react-gistlab/src/gitlab-snippet/GitlabSnippet.tsx": {"path":"/Users/teimurgasanov/Projects/react-gistlab/src/gitlab-snippet/GitlabSnippet.tsx","statementMap":{"0":{"start":{"line":2,"column":16},"end":{"line":14,"column":4}},"1":{"start":{"line":3,"column":24},"end":{"line":8,"column":5}},"2":{"start":{"line":4,"column":8},"end":{"line":6,"column":87}},"3":{"start":{"line":5,"column":69},"end":{"line":5,"column":85}},"4":{"start":{"line":6,"column":30},"end":{"line":6,"column":84}},"5":{"start":{"line":6,"column":47},"end":{"line":6,"column":84}},"6":{"start":{"line":6,"column":72},"end":{"line":6,"column":84}},"7":{"start":{"line":7,"column":8},"end":{"line":7,"column":35}},"8":{"start":{"line":9,"column":4},"end":{"line":13,"column":6}},"9":{"start":{"line":10,"column":8},"end":{"line":10,"column":28}},"10":{"start":{"line":11,"column":24},"end":{"line":11,"column":45}},"11":{"start":{"line":12,"column":8},"end":{"line":12,"column":93}},"12":{"start":{"line":15,"column":0},"end":{"line":15,"column":62}},"13":{"start":{"line":16,"column":12},"end":{"line":16,"column":28}},"14":{"start":{"line":17,"column":29},"end":{"line":17,"column":48}},"15":{"start":{"line":18,"column":31},"end":{"line":18,"column":73}},"16":{"start":{"line":19,"column":27},"end":{"line":19,"column":56}},"17":{"start":{"line":20,"column":0},"end":{"line":27,"column":2}},"18":{"start":{"line":21,"column":16},"end":{"line":21,"column":51}},"19":{"start":{"line":22,"column":4},"end":{"line":24,"column":5}},"20":{"start":{"line":23,"column":8},"end":{"line":23,"column":55}},"21":{"start":{"line":25,"column":12},"end":{"line":25,"column":20}},"22":{"start":{"line":25,"column":34},"end":{"line":25,"column":42}},"23":{"start":{"line":26,"column":4},"end":{"line":26,"column":36}},"24":{"start":{"line":28,"column":0},"end":{"line":49,"column":2}},"25":{"start":{"line":29,"column":16},"end":{"line":29,"column":40}},"26":{"start":{"line":30,"column":4},"end":{"line":35,"column":5}},"27":{"start":{"line":31,"column":8},"end":{"line":34,"column":10}},"28":{"start":{"line":36,"column":13},"end":{"line":42,"column":6}},"29":{"start":{"line":37,"column":20},"end":{"line":37,"column":52}},"30":{"start":{"line":38,"column":8},"end":{"line":40,"column":9}},"31":{"start":{"line":39,"column":12},"end":{"line":39,"column":22}},"32":{"start":{"line":41,"column":8},"end":{"line":41,"column":24}},"33":{"start":{"line":42,"column":14},"end":{"line":42,"column":19}},"34":{"start":{"line":42,"column":28},"end":{"line":42,"column":33}},"35":{"start":{"line":43,"column":23},"end":{"line":43,"column":51}},"36":{"start":{"line":44,"column":18},"end":{"line":44,"column":80}},"37":{"start":{"line":45,"column":4},"end":{"line":48,"column":6}},"38":{"start":{"line":50,"column":0},"end":{"line":55,"column":2}},"39":{"start":{"line":51,"column":4},"end":{"line":54,"column":31}},"40":{"start":{"line":56,"column":21},"end":{"line":121,"column":22}},"41":{"start":{"line":57,"column":4},"end":{"line":57,"column":37}},"42":{"start":{"line":59,"column":20},"end":{"line":59,"column":52}},"43":{"start":{"line":60,"column":8},"end":{"line":72,"column":10}},"44":{"start":{"line":61,"column":21},"end":{"line":61,"column":32}},"45":{"start":{"line":61,"column":49},"end":{"line":61,"column":64}},"46":{"start":{"line":61,"column":79},"end":{"line":61,"column":85}},"47":{"start":{"line":62,"column":22},"end":{"line":62,"column":60}},"48":{"start":{"line":63,"column":26},"end":{"line":63,"column":46}},"49":{"start":{"line":64,"column":12},"end":{"line":64,"column":37}},"50":{"start":{"line":65,"column":12},"end":{"line":65,"column":27}},"51":{"start":{"line":66,"column":12},"end":{"line":71,"column":14}},"52":{"start":{"line":67,"column":16},"end":{"line":70,"column":17}},"53":{"start":{"line":68,"column":29},"end":{"line":68,"column":73}},"54":{"start":{"line":68,"column":81},"end":{"line":68,"column":87}},"55":{"start":{"line":68,"column":96},"end":{"line":68,"column":103}},"56":{"start":{"line":69,"column":20},"end":{"line":69,"column":53}},"57":{"start":{"line":73,"column":8},"end":{"line":86,"column":10}},"58":{"start":{"line":74,"column":23},"end":{"line":74,"column":39}},"59":{"start":{"line":75,"column":25},"end":{"line":75,"column":65}},"60":{"start":{"line":76,"column":36},"end":{"line":76,"column":69}},"61":{"start":{"line":77,"column":12},"end":{"line":84,"column":13}},"62":{"start":{"line":78,"column":27},"end":{"line":78,"column":57}},"63":{"start":{"line":79,"column":16},"end":{"line":79,"column":32}},"64":{"start":{"line":80,"column":16},"end":{"line":80,"column":33}},"65":{"start":{"line":81,"column":16},"end":{"line":81,"column":39}},"66":{"start":{"line":82,"column":16},"end":{"line":82,"column":40}},"67":{"start":{"line":83,"column":16},"end":{"line":83,"column":48}},"68":{"start":{"line":85,"column":12},"end":{"line":85,"column":61}},"69":{"start":{"line":87,"column":8},"end":{"line":91,"column":10}},"70":{"start":{"line":92,"column":8},"end":{"line":92,"column":21}},"71":{"start":{"line":94,"column":4},"end":{"line":96,"column":6}},"72":{"start":{"line":95,"column":8},"end":{"line":95,"column":26}},"73":{"start":{"line":97,"column":4},"end":{"line":105,"column":6}},"74":{"start":{"line":98,"column":17},"end":{"line":98,"column":27}},"75":{"start":{"line":98,"column":36},"end":{"line":98,"column":43}},"76":{"start":{"line":98,"column":52},"end":{"line":98,"column":59}},"77":{"start":{"line":99,"column":8},"end":{"line":104,"column":9}},"78":{"start":{"line":100,"column":29},"end":{"line":100,"column":94}},"79":{"start":{"line":101,"column":12},"end":{"line":103,"column":13}},"80":{"start":{"line":102,"column":16},"end":{"line":102,"column":36}},"81":{"start":{"line":106,"column":4},"end":{"line":116,"column":6}},"82":{"start":{"line":107,"column":17},"end":{"line":107,"column":27}},"83":{"start":{"line":107,"column":41},"end":{"line":107,"column":53}},"84":{"start":{"line":107,"column":62},"end":{"line":107,"column":69}},"85":{"start":{"line":108,"column":22},"end":{"line":108,"column":40}},"86":{"start":{"line":109,"column":8},"end":{"line":111,"column":9}},"87":{"start":{"line":110,"column":12},"end":{"line":110,"column":71}},"88":{"start":{"line":112,"column":8},"end":{"line":114,"column":9}},"89":{"start":{"line":113,"column":12},"end":{"line":113,"column":93}},"90":{"start":{"line":115,"column":8},"end":{"line":115,"column":20}},"91":{"start":{"line":117,"column":4},"end":{"line":119,"column":6}},"92":{"start":{"line":120,"column":4},"end":{"line":120,"column":25}},"93":{"start":{"line":122,"column":0},"end":{"line":122,"column":32}}},"fnMap":{"0":{"name":"(anonymous_0)","decl":{"start":{"line":2,"column":45},"end":{"line":2,"column":46}},"loc":{"start":{"line":2,"column":57},"end":{"line":14,"column":1}},"line":2},"1":{"name":"(anonymous_1)","decl":{"start":{"line":3,"column":24},"end":{"line":3,"column":25}},"loc":{"start":{"line":3,"column":40},"end":{"line":8,"column":5}},"line":3},"2":{"name":"(anonymous_2)","decl":{"start":{"line":5,"column":51},"end":{"line":5,"column":52}},"loc":{"start":{"line":5,"column":67},"end":{"line":5,"column":87}},"line":5},"3":{"name":"(anonymous_3)","decl":{"start":{"line":6,"column":12},"end":{"line":6,"column":13}},"loc":{"start":{"line":6,"column":28},"end":{"line":6,"column":86}},"line":6},"4":{"name":"(anonymous_4)","decl":{"start":{"line":9,"column":11},"end":{"line":9,"column":12}},"loc":{"start":{"line":9,"column":27},"end":{"line":13,"column":5}},"line":9},"5":{"name":"__","decl":{"start":{"line":11,"column":17},"end":{"line":11,"column":19}},"loc":{"start":{"line":11,"column":22},"end":{"line":11,"column":47}},"line":11},"6":{"name":"(anonymous_6)","decl":{"start":{"line":20,"column":18},"end":{"line":20,"column":19}},"loc":{"start":{"line":20,"column":33},"end":{"line":27,"column":1}},"line":20},"7":{"name":"(anonymous_7)","decl":{"start":{"line":28,"column":25},"end":{"line":28,"column":26}},"loc":{"start":{"line":28,"column":49},"end":{"line":49,"column":1}},"line":28},"8":{"name":"(anonymous_8)","decl":{"start":{"line":36,"column":23},"end":{"line":36,"column":24}},"loc":{"start":{"line":36,"column":39},"end":{"line":42,"column":5}},"line":36},"9":{"name":"(anonymous_9)","decl":{"start":{"line":50,"column":23},"end":{"line":50,"column":24}},"loc":{"start":{"line":50,"column":39},"end":{"line":55,"column":1}},"line":50},"10":{"name":"(anonymous_10)","decl":{"start":{"line":56,"column":21},"end":{"line":56,"column":22}},"loc":{"start":{"line":56,"column":39},"end":{"line":121,"column":1}},"line":56},"11":{"name":"GitlabSnippet","decl":{"start":{"line":58,"column":13},"end":{"line":58,"column":26}},"loc":{"start":{"line":58,"column":34},"end":{"line":93,"column":5}},"line":58},"12":{"name":"(anonymous_12)","decl":{"start":{"line":60,"column":27},"end":{"line":60,"column":28}},"loc":{"start":{"line":60,"column":39},"end":{"line":72,"column":9}},"line":60},"13":{"name":"(anonymous_13)","decl":{"start":{"line":66,"column":41},"end":{"line":66,"column":42}},"loc":{"start":{"line":66,"column":53},"end":{"line":71,"column":13}},"line":66},"14":{"name":"(anonymous_14)","decl":{"start":{"line":73,"column":32},"end":{"line":73,"column":33}},"loc":{"start":{"line":73,"column":53},"end":{"line":86,"column":9}},"line":73},"15":{"name":"(anonymous_15)","decl":{"start":{"line":94,"column":48},"end":{"line":94,"column":49}},"loc":{"start":{"line":94,"column":60},"end":{"line":96,"column":5}},"line":94},"16":{"name":"(anonymous_16)","decl":{"start":{"line":97,"column":51},"end":{"line":97,"column":52}},"loc":{"start":{"line":97,"column":63},"end":{"line":105,"column":5}},"line":97},"17":{"name":"(anonymous_17)","decl":{"start":{"line":106,"column":37},"end":{"line":106,"column":38}},"loc":{"start":{"line":106,"column":49},"end":{"line":116,"column":5}},"line":106}},"branchMap":{"0":{"loc":{"start":{"line":2,"column":16},"end":{"line":14,"column":4}},"type":"binary-expr","locations":[{"start":{"line":2,"column":17},"end":{"line":2,"column":21}},{"start":{"line":2,"column":25},"end":{"line":2,"column":39}},{"start":{"line":2,"column":44},"end":{"line":14,"column":4}}],"line":2},"1":{"loc":{"start":{"line":4,"column":24},"end":{"line":6,"column":86}},"type":"binary-expr","locations":[{"start":{"line":4,"column":24},"end":{"line":4,"column":45}},{"start":{"line":5,"column":13},"end":{"line":5,"column":47}},{"start":{"line":5,"column":51},"end":{"line":5,"column":87}},{"start":{"line":6,"column":12},"end":{"line":6,"column":86}}],"line":4},"2":{"loc":{"start":{"line":6,"column":47},"end":{"line":6,"column":84}},"type":"if","locations":[{"start":{"line":6,"column":47},"end":{"line":6,"column":84}},{"start":{"line":6,"column":47},"end":{"line":6,"column":84}}],"line":6},"3":{"loc":{"start":{"line":12,"column":22},"end":{"line":12,"column":92}},"type":"cond-expr","locations":[{"start":{"line":12,"column":35},"end":{"line":12,"column":51}},{"start":{"line":12,"column":55},"end":{"line":12,"column":91}}],"line":12},"4":{"loc":{"start":{"line":22,"column":4},"end":{"line":24,"column":5}},"type":"if","locations":[{"start":{"line":22,"column":4},"end":{"line":24,"column":5}},{"start":{"line":22,"column":4},"end":{"line":24,"column":5}}],"line":22},"5":{"loc":{"start":{"line":22,"column":8},"end":{"line":22,"column":34}},"type":"binary-expr","locations":[{"start":{"line":22,"column":8},"end":{"line":22,"column":14}},{"start":{"line":22,"column":18},"end":{"line":22,"column":34}}],"line":22},"6":{"loc":{"start":{"line":30,"column":4},"end":{"line":35,"column":5}},"type":"if","locations":[{"start":{"line":30,"column":4},"end":{"line":35,"column":5}},{"start":{"line":30,"column":4},"end":{"line":35,"column":5}}],"line":30},"7":{"loc":{"start":{"line":38,"column":8},"end":{"line":40,"column":9}},"type":"if","locations":[{"start":{"line":38,"column":8},"end":{"line":40,"column":9}},{"start":{"line":38,"column":8},"end":{"line":40,"column":9}}],"line":38},"8":{"loc":{"start":{"line":38,"column":12},"end":{"line":38,"column":38}},"type":"binary-expr","locations":[{"start":{"line":38,"column":12},"end":{"line":38,"column":18}},{"start":{"line":38,"column":22},"end":{"line":38,"column":38}}],"line":38},"9":{"loc":{"start":{"line":44,"column":18},"end":{"line":44,"column":80}},"type":"cond-expr","locations":[{"start":{"line":44,"column":60},"end":{"line":44,"column":75}},{"start":{"line":44,"column":78},"end":{"line":44,"column":80}}],"line":44},"10":{"loc":{"start":{"line":44,"column":18},"end":{"line":44,"column":57}},"type":"binary-expr","locations":[{"start":{"line":44,"column":18},"end":{"line":44,"column":30}},{"start":{"line":44,"column":34},"end":{"line":44,"column":57}}],"line":44},"11":{"loc":{"start":{"line":59,"column":20},"end":{"line":59,"column":52}},"type":"binary-expr","locations":[{"start":{"line":59,"column":20},"end":{"line":59,"column":44}},{"start":{"line":59,"column":48},"end":{"line":59,"column":52}}],"line":59},"12":{"loc":{"start":{"line":67,"column":16},"end":{"line":70,"column":17}},"type":"if","locations":[{"start":{"line":67,"column":16},"end":{"line":70,"column":17}},{"start":{"line":67,"column":16},"end":{"line":70,"column":17}}],"line":67},"13":{"loc":{"start":{"line":67,"column":20},"end":{"line":67,"column":70}},"type":"binary-expr","locations":[{"start":{"line":67,"column":20},"end":{"line":67,"column":44}},{"start":{"line":67,"column":48},"end":{"line":67,"column":70}}],"line":67},"14":{"loc":{"start":{"line":77,"column":12},"end":{"line":84,"column":13}},"type":"if","locations":[{"start":{"line":77,"column":12},"end":{"line":84,"column":13}},{"start":{"line":77,"column":12},"end":{"line":84,"column":13}}],"line":77},"15":{"loc":{"start":{"line":99,"column":8},"end":{"line":104,"column":9}},"type":"if","locations":[{"start":{"line":99,"column":8},"end":{"line":104,"column":9}},{"start":{"line":99,"column":8},"end":{"line":104,"column":9}}],"line":99},"16":{"loc":{"start":{"line":101,"column":12},"end":{"line":103,"column":13}},"type":"if","locations":[{"start":{"line":101,"column":12},"end":{"line":103,"column":13}},{"start":{"line":101,"column":12},"end":{"line":103,"column":13}}],"line":101},"17":{"loc":{"start":{"line":109,"column":8},"end":{"line":111,"column":9}},"type":"if","locations":[{"start":{"line":109,"column":8},"end":{"line":111,"column":9}},{"start":{"line":109,"column":8},"end":{"line":111,"column":9}}],"line":109},"18":{"loc":{"start":{"line":110,"column":19},"end":{"line":110,"column":70}},"type":"cond-expr","locations":[{"start":{"line":110,"column":29},"end":{"line":110,"column":63}},{"start":{"line":110,"column":66},"end":{"line":110,"column":70}}],"line":110},"19":{"loc":{"start":{"line":112,"column":8},"end":{"line":114,"column":9}},"type":"if","locations":[{"start":{"line":112,"column":8},"end":{"line":114,"column":9}},{"start":{"line":112,"column":8},"end":{"line":114,"column":9}}],"line":112}},"s":{"0":1,"1":1,"2":1,"3":0,"4":0,"5":0,"6":0,"7":1,"8":1,"9":1,"10":1,"11":1,"12":1,"13":1,"14":1,"15":1,"16":1,"17":1,"18":7,"19":7,"20":1,"21":6,"22":6,"23":6,"24":1,"25":1,"26":1,"27":0,"28":1,"29":2,"30":2,"31":0,"32":2,"33":1,"34":1,"35":1,"36":1,"37":1,"38":1,"39":1,"40":1,"41":1,"42":5,"43":5,"44":5,"45":5,"46":5,"47":5,"48":5,"49":5,"50":5,"51":5,"52":1,"53":1,"54":1,"55":1,"56":1,"57":5,"58":1,"59":1,"60":1,"61":1,"62":1,"63":1,"64":1,"65":1,"66":1,"67":1,"68":1,"69":5,"70":5,"71":1,"72":5,"73":1,"74":0,"75":0,"76":0,"77":0,"78":0,"79":0,"80":0,"81":1,"82":7,"83":7,"84":7,"85":7,"86":7,"87":5,"88":2,"89":2,"90":0,"91":1,"92":1,"93":1},"f":{"0":1,"1":1,"2":0,"3":0,"4":1,"5":1,"6":7,"7":1,"8":2,"9":1,"10":1,"11":5,"12":5,"13":1,"14":1,"15":5,"16":0,"17":7},"b":{"0":[1,1,1],"1":[1,0,0,0],"2":[0,0],"3":[0,1],"4":[1,6],"5":[7,6],"6":[0,1],"7":[0,2],"8":[2,2],"9":[0,1],"10":[1,0],"11":[5,5],"12":[1,0],"13":[1,1],"14":[1,0],"15":[0,0],"16":[0,0],"17":[5,2],"18":[2,3],"19":[2,0]},"_coverageSchema":"43e27e138ebf9cfc5966b082cf9a028302ed4184","hash":"6c78f230ed1efd939759760aa7907073fb609b87"}
}
