TN:
SF:/Users/teimurgasanov/Projects/react-gistlab/src/github-gist/GithubGist.tsx
FN:2,(anonymous_0)
FN:3,(anonymous_1)
FN:5,(anonymous_2)
FN:6,(anonymous_3)
FN:9,(anonymous_4)
FN:11,__
FN:19,(anonymous_6)
FN:28,(anonymous_7)
FN:35,(anonymous_8)
FN:39,(anonymous_9)
FN:41,GithubGist
FN:43,(anonymous_11)
FN:45,(anonymous_12)
FN:61,(anonymous_13)
FN:81,(anonymous_14)
FN:84,(anonymous_15)
FN:97,(anonymous_16)
FNF:17
FNH:13
FNDA:1,(anonymous_0)
FNDA:1,(anonymous_1)
FNDA:0,(anonymous_2)
FNDA:0,(anonymous_3)
FNDA:1,(anonymous_4)
FNDA:1,__
FNDA:7,(anonymous_6)
FNDA:7,(anonymous_7)
FNDA:11,(anonymous_8)
FNDA:1,(anonymous_9)
FNDA:5,GithubGist
FNDA:5,(anonymous_11)
FNDA:0,(anonymous_12)
FNDA:5,(anonymous_13)
FNDA:5,(anonymous_14)
FNDA:0,(anonymous_15)
FNDA:6,(anonymous_16)
DA:2,1
DA:3,1
DA:4,1
DA:5,0
DA:6,0
DA:7,1
DA:9,1
DA:10,1
DA:11,1
DA:12,1
DA:15,1
DA:16,1
DA:17,1
DA:18,1
DA:19,1
DA:20,7
DA:21,7
DA:22,1
DA:24,6
DA:25,6
DA:26,6
DA:28,1
DA:29,7
DA:30,7
DA:31,2
DA:33,5
DA:35,1
DA:36,11
DA:37,11
DA:39,1
DA:40,1
DA:42,5
DA:43,5
DA:44,5
DA:45,5
DA:46,0
DA:50,0
DA:52,0
DA:53,0
DA:54,0
DA:55,0
DA:56,0
DA:57,0
DA:61,5
DA:62,5
DA:63,5
DA:64,5
DA:67,5
DA:68,5
DA:69,5
DA:70,5
DA:71,5
DA:73,5
DA:78,5
DA:79,5
DA:81,1
DA:82,5
DA:84,1
DA:85,0
DA:86,0
DA:87,0
DA:88,0
DA:89,0
DA:92,0
DA:93,0
DA:94,0
DA:97,1
DA:98,6
DA:99,6
DA:100,6
DA:101,5
DA:103,1
DA:104,1
DA:107,1
DA:109,1
LF:75
LH:57
BRDA:2,0,0,1
BRDA:2,0,1,1
BRDA:2,0,2,1
BRDA:4,1,0,1
BRDA:4,1,1,0
BRDA:4,1,2,0
BRDA:4,1,3,0
BRDA:6,2,0,0
BRDA:6,2,1,0
BRDA:12,3,0,0
BRDA:12,3,1,1
BRDA:21,4,0,1
BRDA:21,4,1,6
BRDA:21,5,0,7
BRDA:21,5,1,6
BRDA:30,6,0,2
BRDA:30,6,1,5
BRDA:30,7,0,7
BRDA:30,7,1,7
BRDA:37,8,0,0
BRDA:37,8,1,11
BRDA:42,9,0,5
BRDA:42,9,1,5
BRDA:52,10,0,0
BRDA:52,10,1,0
BRDA:64,11,0,0
BRDA:64,11,1,5
BRDA:86,12,0,0
BRDA:86,12,1,0
BRDA:88,13,0,0
BRDA:88,13,1,0
BRDA:93,14,0,0
BRDA:93,14,1,0
BRDA:100,15,0,5
BRDA:100,15,1,1
BRDA:101,16,0,2
BRDA:101,16,1,3
BRDA:103,17,0,1
BRDA:103,17,1,0
BRF:39
BRH:22
end_of_record
TN:
SF:/Users/teimurgasanov/Projects/react-gistlab/src/gitlab-snippet/GitlabSnippet.tsx
FN:2,(anonymous_0)
FN:3,(anonymous_1)
FN:5,(anonymous_2)
FN:6,(anonymous_3)
FN:9,(anonymous_4)
FN:11,__
FN:20,(anonymous_6)
FN:28,(anonymous_7)
FN:36,(anonymous_8)
FN:50,(anonymous_9)
FN:56,(anonymous_10)
FN:58,GitlabSnippet
FN:60,(anonymous_12)
FN:66,(anonymous_13)
FN:73,(anonymous_14)
FN:94,(anonymous_15)
FN:97,(anonymous_16)
FN:106,(anonymous_17)
FNF:18
FNH:15
FNDA:1,(anonymous_0)
FNDA:1,(anonymous_1)
FNDA:0,(anonymous_2)
FNDA:0,(anonymous_3)
FNDA:1,(anonymous_4)
FNDA:1,__
FNDA:7,(anonymous_6)
FNDA:1,(anonymous_7)
FNDA:2,(anonymous_8)
FNDA:1,(anonymous_9)
FNDA:1,(anonymous_10)
FNDA:5,GitlabSnippet
FNDA:5,(anonymous_12)
FNDA:1,(anonymous_13)
FNDA:1,(anonymous_14)
FNDA:5,(anonymous_15)
FNDA:0,(anonymous_16)
FNDA:7,(anonymous_17)
DA:2,1
DA:3,1
DA:4,1
DA:5,0
DA:6,0
DA:7,1
DA:9,1
DA:10,1
DA:11,1
DA:12,1
DA:15,1
DA:16,1
DA:17,1
DA:18,1
DA:19,1
DA:20,1
DA:21,7
DA:22,7
DA:23,1
DA:25,6
DA:26,6
DA:28,1
DA:29,1
DA:30,1
DA:31,0
DA:36,1
DA:37,2
DA:38,2
DA:39,0
DA:41,2
DA:42,1
DA:43,1
DA:44,1
DA:45,1
DA:50,1
DA:51,1
DA:56,1
DA:57,1
DA:59,5
DA:60,5
DA:61,5
DA:62,5
DA:63,5
DA:64,5
DA:65,5
DA:66,5
DA:67,1
DA:68,1
DA:69,1
DA:73,5
DA:74,1
DA:75,1
DA:76,1
DA:77,1
DA:78,1
DA:79,1
DA:80,1
DA:81,1
DA:82,1
DA:83,1
DA:85,1
DA:87,5
DA:92,5
DA:94,1
DA:95,5
DA:97,1
DA:98,0
DA:99,0
DA:100,0
DA:101,0
DA:102,0
DA:106,1
DA:107,7
DA:108,7
DA:109,7
DA:110,5
DA:112,2
DA:113,2
DA:115,0
DA:117,1
DA:120,1
DA:122,1
LF:82
LH:72
BRDA:2,0,0,1
BRDA:2,0,1,1
BRDA:2,0,2,1
BRDA:4,1,0,1
BRDA:4,1,1,0
BRDA:4,1,2,0
BRDA:4,1,3,0
BRDA:6,2,0,0
BRDA:6,2,1,0
BRDA:12,3,0,0
BRDA:12,3,1,1
BRDA:22,4,0,1
BRDA:22,4,1,6
BRDA:22,5,0,7
BRDA:22,5,1,6
BRDA:30,6,0,0
BRDA:30,6,1,1
BRDA:38,7,0,0
BRDA:38,7,1,2
BRDA:38,8,0,2
BRDA:38,8,1,2
BRDA:44,9,0,0
BRDA:44,9,1,1
BRDA:44,10,0,1
BRDA:44,10,1,0
BRDA:59,11,0,5
BRDA:59,11,1,5
BRDA:67,12,0,1
BRDA:67,12,1,0
BRDA:67,13,0,1
BRDA:67,13,1,1
BRDA:77,14,0,1
BRDA:77,14,1,0
BRDA:99,15,0,0
BRDA:99,15,1,0
BRDA:101,16,0,0
BRDA:101,16,1,0
BRDA:109,17,0,5
BRDA:109,17,1,2
BRDA:110,18,0,2
BRDA:110,18,1,3
BRDA:112,19,0,2
BRDA:112,19,1,0
BRF:43
BRH:26
end_of_record
